<?xml version="1.0" encoding="UTF-8"?>
<!-- Generated by org.testng.reporters.JUnitReportReporter -->
<testsuite skipped="0" hostname="INPBF2EB4" name="getRequest.Getdata" tests="2" failures="0" timestamp="07 Aug 2019 06:28:21 GMT" time="3.265" errors="0">
  <testcase name="testBody" time="2.330" classname="getRequest.Getdata"/>
  <testcase name="testResponse" time="0.935" classname="getRequest.Getdata"/>
</testsuite> <!-- getRequest.Getdata -->
