<?xml version="1.0" encoding="UTF-8"?>
<!-- Generated by org.testng.reporters.JUnitReportReporter -->
<testsuite skipped="0" hostname="INPBF2EB4" name="getRequest.GetCity" tests="2" failures="0" timestamp="12 Aug 2019 11:27:21 GMT" time="2.154" errors="0">
  <testcase name="getcitymethodwitheaders" time="0.064" classname="getRequest.GetCity"/>
  <testcase name="getcitymethod" time="2.090" classname="getRequest.GetCity"/>
</testsuite> <!-- getRequest.GetCity -->
